<?xml version="1.0" encoding="UTF-8"?>
<testsuite name="com.example.restdocs.user.UserControllerTest" tests="5" skipped="0" failures="0" errors="0" timestamp="2019-08-03T14:23:17" hostname="jaehun-ui-MacBookPro.local" time="0.369">
  <properties/>
  <testcase name="user search api docs()" classname="com.example.restdocs.user.UserControllerTest" time="0.198"/>
  <testcase name="user create api docs()" classname="com.example.restdocs.user.UserControllerTest" time="0.056"/>
  <testcase name="grant role to user api docs()" classname="com.example.restdocs.user.UserControllerTest" time="0.04"/>
  <testcase name="user delete api docs()" classname="com.example.restdocs.user.UserControllerTest" time="0.024"/>
  <testcase name="user update api docs()" classname="com.example.restdocs.user.UserControllerTest" time="0.044"/>
  <system-out><![CDATA[23:23:14.822 [Test worker] DEBUG org.springframework.test.context.BootstrapUtils - Instantiating CacheAwareContextLoaderDelegate from class [org.springframework.test.context.cache.DefaultCacheAwareContextLoaderDelegate]
23:23:14.839 [Test worker] DEBUG org.springframework.test.context.BootstrapUtils - Instantiating BootstrapContext using constructor [public org.springframework.test.context.support.DefaultBootstrapContext(java.lang.Class,org.springframework.test.context.CacheAwareContextLoaderDelegate)]
23:23:14.861 [Test worker] DEBUG org.springframework.test.context.BootstrapUtils - Instantiating TestContextBootstrapper for test class [com.example.restdocs.user.UserControllerTest] from class [org.springframework.boot.test.autoconfigure.web.servlet.WebMvcTestContextBootstrapper]
23:23:14.876 [Test worker] INFO org.springframework.boot.test.autoconfigure.web.servlet.WebMvcTestContextBootstrapper - Neither @ContextConfiguration nor @ContextHierarchy found for test class [com.example.restdocs.user.UserControllerTest], using SpringBootContextLoader
23:23:14.881 [Test worker] DEBUG org.springframework.test.context.support.AbstractContextLoader - Did not detect default resource location for test class [com.example.restdocs.user.UserControllerTest]: class path resource [com/example/restdocs/user/UserControllerTest-context.xml] does not exist
23:23:14.881 [Test worker] DEBUG org.springframework.test.context.support.AbstractContextLoader - Did not detect default resource location for test class [com.example.restdocs.user.UserControllerTest]: class path resource [com/example/restdocs/user/UserControllerTestContext.groovy] does not exist
23:23:14.882 [Test worker] INFO org.springframework.test.context.support.AbstractContextLoader - Could not detect default resource locations for test class [com.example.restdocs.user.UserControllerTest]: no resource found for suffixes {-context.xml, Context.groovy}.
23:23:14.882 [Test worker] INFO org.springframework.test.context.support.AnnotationConfigContextLoaderUtils - Could not detect default configuration classes for test class [com.example.restdocs.user.UserControllerTest]: UserControllerTest does not declare any static, non-private, non-final, nested classes annotated with @Configuration.
23:23:14.961 [Test worker] DEBUG org.springframework.test.context.support.ActiveProfilesUtils - Could not find an 'annotation declaring class' for annotation type [org.springframework.test.context.ActiveProfiles] and class [com.example.restdocs.user.UserControllerTest]
23:23:15.021 [Test worker] DEBUG org.springframework.context.annotation.ClassPathScanningCandidateComponentProvider - Identified candidate component class: file [/Users/leejaehoon/restdocs/build/classes/kotlin/main/com/example/restdocs/RestdocsApplication.class]
23:23:15.023 [Test worker] INFO org.springframework.boot.test.context.SpringBootTestContextBootstrapper - Found @SpringBootConfiguration com.example.restdocs.RestdocsApplication for test class com.example.restdocs.user.UserControllerTest
23:23:15.025 [Test worker] DEBUG org.springframework.boot.test.autoconfigure.web.servlet.WebMvcTestContextBootstrapper - @TestExecutionListeners is not present for class [com.example.restdocs.user.UserControllerTest]: using defaults.
23:23:15.025 [Test worker] INFO org.springframework.boot.test.autoconfigure.web.servlet.WebMvcTestContextBootstrapper - Loaded default TestExecutionListener class names from location [META-INF/spring.factories]: [org.springframework.boot.test.autoconfigure.restdocs.RestDocsTestExecutionListener, org.springframework.boot.test.autoconfigure.web.client.MockRestServiceServerResetTestExecutionListener, org.springframework.boot.test.autoconfigure.web.servlet.MockMvcPrintOnlyOnFailureTestExecutionListener, org.springframework.boot.test.autoconfigure.web.servlet.WebDriverTestExecutionListener, org.springframework.boot.test.mock.mockito.MockitoTestExecutionListener, org.springframework.boot.test.mock.mockito.ResetMocksTestExecutionListener, org.springframework.test.context.web.ServletTestExecutionListener, org.springframework.test.context.support.DirtiesContextBeforeModesTestExecutionListener, org.springframework.test.context.support.DependencyInjectionTestExecutionListener, org.springframework.test.context.support.DirtiesContextTestExecutionListener, org.springframework.test.context.transaction.TransactionalTestExecutionListener, org.springframework.test.context.jdbc.SqlScriptsTestExecutionListener]
23:23:15.034 [Test worker] DEBUG org.springframework.boot.test.autoconfigure.web.servlet.WebMvcTestContextBootstrapper - Skipping candidate TestExecutionListener [org.springframework.test.context.transaction.TransactionalTestExecutionListener] due to a missing dependency. Specify custom listener classes or make the default listener classes and their required dependencies available. Offending class: [org/springframework/transaction/interceptor/TransactionAttributeSource]
23:23:15.035 [Test worker] DEBUG org.springframework.boot.test.autoconfigure.web.servlet.WebMvcTestContextBootstrapper - Skipping candidate TestExecutionListener [org.springframework.test.context.jdbc.SqlScriptsTestExecutionListener] due to a missing dependency. Specify custom listener classes or make the default listener classes and their required dependencies available. Offending class: [org/springframework/transaction/interceptor/TransactionAttribute]
23:23:15.035 [Test worker] INFO org.springframework.boot.test.autoconfigure.web.servlet.WebMvcTestContextBootstrapper - Using TestExecutionListeners: [org.springframework.test.context.web.ServletTestExecutionListener@218d7b7a, org.springframework.test.context.support.DirtiesContextBeforeModesTestExecutionListener@1ad05a9a, org.springframework.boot.test.mock.mockito.MockitoTestExecutionListener@4f57c3a4, org.springframework.boot.test.autoconfigure.SpringBootDependencyInjectionTestExecutionListener@478cc66b, org.springframework.test.context.support.DirtiesContextTestExecutionListener@d90234b, org.springframework.boot.test.autoconfigure.restdocs.RestDocsTestExecutionListener@150cbce9, org.springframework.boot.test.autoconfigure.web.client.MockRestServiceServerResetTestExecutionListener@64b7170f, org.springframework.boot.test.autoconfigure.web.servlet.MockMvcPrintOnlyOnFailureTestExecutionListener@45a92a6c, org.springframework.boot.test.autoconfigure.web.servlet.WebDriverTestExecutionListener@492fd3e9, org.springframework.boot.test.mock.mockito.ResetMocksTestExecutionListener@39b4c5d1]
23:23:15.039 [Test worker] DEBUG org.springframework.test.context.support.AbstractDirtiesContextTestExecutionListener - Before test class: context [DefaultTestContext@29ca3fbc testClass = UserControllerTest, testInstance = [null], testMethod = [null], testException = [null], mergedContextConfiguration = [WebMergedContextConfiguration@3dbf23da testClass = UserControllerTest, locations = '{}', classes = '{class com.example.restdocs.RestdocsApplication}', contextInitializerClasses = '[]', activeProfiles = '{}', propertySourceLocations = '{}', propertySourceProperties = '{org.springframework.boot.test.autoconfigure.web.servlet.WebMvcTestContextBootstrapper=true}', contextCustomizers = set[org.springframework.boot.test.autoconfigure.OverrideAutoConfigurationContextCustomizerFactory$DisableAutoConfigurationContextCustomizer@69478da9, org.springframework.boot.test.autoconfigure.filter.TypeExcludeFiltersContextCustomizer@6dfa9d96, org.springframework.boot.test.autoconfigure.properties.PropertyMappingContextCustomizer@12c9206c, org.springframework.boot.test.autoconfigure.web.servlet.WebDriverContextCustomizerFactory$Customizer@79219ca9, [ImportsContextCustomizer@2ed253e key = [@org.springframework.boot.test.autoconfigure.web.servlet.AutoConfigureWebMvc(), @org.springframework.boot.test.autoconfigure.core.AutoConfigureCache(cacheProvider=NONE), @org.springframework.boot.test.autoconfigure.properties.PropertyMapping(value="spring.test.mockmvc", skip=NO), @org.springframework.context.annotation.Import(value={org.springframework.boot.autoconfigure.ImportAutoConfigurationImportSelector.class}), @org.springframework.boot.test.autoconfigure.web.servlet.WebMvcTest(useDefaultFilters=true, excludeFilters={}, controllers={}, excludeAutoConfiguration={}, secure=false, value={com.example.restdocs.user.controller.UserController.class}, includeFilters={}, properties={}), @org.springframework.context.annotation.Import(value={org.springframework.boot.test.autoconfigure.restdocs.RestDocumentationContextProviderRegistrar.class}), @org.springframework.boot.test.autoconfigure.filter.TypeExcludeFilters(value={org.springframework.boot.test.autoconfigure.web.servlet.WebMvcTypeExcludeFilter.class}), @org.springframework.boot.test.autoconfigure.web.servlet.AutoConfigureMockMvc(webDriverEnabled=true, print=DEFAULT, webClientEnabled=true, secure=true, printOnlyOnFailure=true, addFilters=true), @org.springframework.test.context.BootstrapWith(value=org.springframework.boot.test.autoconfigure.web.servlet.WebMvcTestContextBootstrapper.class), @org.springframework.boot.autoconfigure.ImportAutoConfiguration(value={}, exclude={}, classes={}), @org.apiguardian.api.API(consumers={"*"}, since="5.0", status=STABLE), @org.springframework.boot.test.autoconfigure.restdocs.AutoConfigureRestDocs(uriScheme="http", outputDir="", uriPort=8080, value="", uriHost="localhost"), @org.junit.jupiter.api.extension.ExtendWith(value={org.springframework.restdocs.RestDocumentationExtension.class, org.springframework.test.context.junit.jupiter.SpringExtension.class}), @org.springframework.boot.test.autoconfigure.OverrideAutoConfiguration(enabled=false), @org.springframework.boot.test.autoconfigure.properties.PropertyMapping(value="spring.test.restdocs", skip=NO), @org.junit.jupiter.api.extension.ExtendWith(value={org.springframework.test.context.junit.jupiter.SpringExtension.class})]], org.springframework.boot.test.context.filter.ExcludeFilterContextCustomizer@5b0520e0, org.springframework.boot.test.json.DuplicateJsonObjectContextCustomizerFactory$DuplicateJsonObjectContextCustomizer@2926ec98, org.springframework.boot.test.mock.mockito.MockitoContextCustomizer@e1370edb], resourceBasePath = 'src/main/webapp', contextLoader = 'org.springframework.boot.test.context.SpringBootContextLoader', parent = [null]], attributes = map[[empty]]], class annotated with @DirtiesContext [false] with mode [null].
23:23:15.142 [Test worker] DEBUG org.springframework.test.context.support.TestPropertySourceUtils - Adding inlined properties to environment: {spring.jmx.enabled=false, org.springframework.boot.test.autoconfigure.web.servlet.WebMvcTestContextBootstrapper=true, server.port=-1}

  .   ____          _            __ _ _
 /\\ / ___'_ __ _ _(_)_ __  __ _ \ \ \ \
( ( )\___ | '_ | '_| | '_ \/ _` | \ \ \ \
 \\/  ___)| |_)| | | | | || (_| |  ) ) ) )
  '  |____| .__|_| |_|_| |_\__, | / / / /
 =========|_|==============|___/=/_/_/_/
 :: Spring Boot ::        (v2.1.6.RELEASE)

2019-08-03 23:23:15.666  INFO 71332 --- [    Test worker] c.e.restdocs.user.UserControllerTest     : Starting UserControllerTest on jaehun-ui-MacBookPro.local with PID 71332 (started by leejaehoon in /Users/leejaehoon/restdocs)
2019-08-03 23:23:15.669  INFO 71332 --- [    Test worker] c.e.restdocs.user.UserControllerTest     : No active profile set, falling back to default profiles: default
2019-08-03 23:23:15.810  WARN 71332 --- [kground-preinit] o.s.h.c.j.Jackson2ObjectMapperBuilder    : For Jackson Kotlin classes support please add "com.fasterxml.jackson.module:jackson-module-kotlin" to the classpath
2019-08-03 23:23:17.670  INFO 71332 --- [    Test worker] o.s.s.concurrent.ThreadPoolTaskExecutor  : Initializing ExecutorService 'applicationTaskExecutor'
2019-08-03 23:23:17.927  INFO 71332 --- [    Test worker] o.s.b.t.m.w.SpringBootMockServletContext : Initializing Spring TestDispatcherServlet ''
2019-08-03 23:23:17.927  INFO 71332 --- [    Test worker] o.s.t.web.servlet.TestDispatcherServlet  : Initializing Servlet ''
2019-08-03 23:23:17.937  INFO 71332 --- [    Test worker] o.s.t.web.servlet.TestDispatcherServlet  : Completed initialization in 10 ms
2019-08-03 23:23:17.966  INFO 71332 --- [    Test worker] c.e.restdocs.user.UserControllerTest     : Started UserControllerTest in 2.814 seconds (JVM running for 4.393)

MockHttpServletRequest:
      HTTP Method = GET
      Request URI = /user/1
       Parameters = {}
          Headers = [x-api-key:"API-KEY", Accept:"application/json;charset=UTF-8"]
             Body = <no character encoding set>
    Session Attrs = {}

Handler:
             Type = com.example.restdocs.user.controller.UserController
           Method = public final com.example.restdocs.user.dto.Response<com.example.restdocs.user.repository.User> com.example.restdocs.user.controller.UserController.getUser(long)

Async:
    Async started = false
     Async result = null

Resolved Exception:
             Type = null

ModelAndView:
        View name = null
             View = null
            Model = null

FlashMap:
       Attributes = null

MockHttpServletResponse:
           Status = 200
    Error message = null
          Headers = [Content-Type:"application/json;charset=UTF-8"]
     Content type = application/json;charset=UTF-8
             Body = {"code":200,"message":"OK","data":{"id":1,"name":"배달이","age":30,"address":"서울특별시 송파구 올림픽로 295","roles":[]},"error":null}
    Forwarded URL = null
   Redirected URL = null
          Cookies = []

MockHttpServletRequest:
      HTTP Method = POST
      Request URI = /user
       Parameters = {}
          Headers = [Content-Type:"application/json;charset=UTF-8", x-api-key:"API-KEY", Accept:"application/json;charset=UTF-8"]
             Body = {
  "name": "배달이",
  "age": 30,
  "address": "서울특별시 송파구 올림픽로 295"
}
    Session Attrs = {}

Handler:
             Type = com.example.restdocs.user.controller.UserController
           Method = public final com.example.restdocs.user.dto.Response<com.example.restdocs.user.repository.User> com.example.restdocs.user.controller.UserController.createUser(com.example.restdocs.user.dto.UserDto)

Async:
    Async started = false
     Async result = null

Resolved Exception:
             Type = null

ModelAndView:
        View name = null
             View = null
            Model = null

FlashMap:
       Attributes = null

MockHttpServletResponse:
           Status = 200
    Error message = null
          Headers = [Content-Type:"application/json;charset=UTF-8"]
     Content type = application/json;charset=UTF-8
             Body = {"code":200,"message":"OK","data":{"id":1,"name":"배달이","age":30,"address":"서울특별시 송파구 올림픽로 295","roles":[]},"error":null}
    Forwarded URL = null
   Redirected URL = null
          Cookies = []

MockHttpServletRequest:
      HTTP Method = POST
      Request URI = /user/1/role/1
       Parameters = {}
          Headers = [x-api-key:"API-KEY", Accept:"application/json;charset=UTF-8"]
             Body = <no character encoding set>
    Session Attrs = {}

Handler:
             Type = com.example.restdocs.user.controller.UserController
           Method = public final com.example.restdocs.user.dto.Response<kotlin.Unit> com.example.restdocs.user.controller.UserController.grantRole(long,long)

Async:
    Async started = false
     Async result = null

Resolved Exception:
             Type = null

ModelAndView:
        View name = null
             View = null
            Model = null

FlashMap:
       Attributes = null

MockHttpServletResponse:
           Status = 200
    Error message = null
          Headers = [Content-Type:"application/json;charset=UTF-8"]
     Content type = application/json;charset=UTF-8
             Body = {"code":200,"message":"OK","data":null,"error":null}
    Forwarded URL = null
   Redirected URL = null
          Cookies = []

MockHttpServletRequest:
      HTTP Method = DELETE
      Request URI = /user/1
       Parameters = {}
          Headers = [x-api-key:"API-KEY", Accept:"application/json;charset=UTF-8"]
             Body = <no character encoding set>
    Session Attrs = {}

Handler:
             Type = com.example.restdocs.user.controller.UserController
           Method = public final com.example.restdocs.user.dto.Response<kotlin.Unit> com.example.restdocs.user.controller.UserController.deleteUser(long)

Async:
    Async started = false
     Async result = null

Resolved Exception:
             Type = null

ModelAndView:
        View name = null
             View = null
            Model = null

FlashMap:
       Attributes = null

MockHttpServletResponse:
           Status = 200
    Error message = null
          Headers = [Content-Type:"application/json;charset=UTF-8"]
     Content type = application/json;charset=UTF-8
             Body = {"code":200,"message":"OK","data":null,"error":null}
    Forwarded URL = null
   Redirected URL = null
          Cookies = []

MockHttpServletRequest:
      HTTP Method = PUT
      Request URI = /user/1
       Parameters = {}
          Headers = [Content-Type:"application/json;charset=UTF-8", x-api-key:"API-KEY", Accept:"application/json;charset=UTF-8"]
             Body = {
  "name": "배달이",
  "age": 30,
  "address": "서울특별시 송파구 올림픽로 295"
}
    Session Attrs = {}

Handler:
             Type = com.example.restdocs.user.controller.UserController
           Method = public final com.example.restdocs.user.dto.Response<com.example.restdocs.user.repository.User> com.example.restdocs.user.controller.UserController.updateUser(long,com.example.restdocs.user.dto.UserDto)

Async:
    Async started = false
     Async result = null

Resolved Exception:
             Type = null

ModelAndView:
        View name = null
             View = null
            Model = null

FlashMap:
       Attributes = null

MockHttpServletResponse:
           Status = 200
    Error message = null
          Headers = [Content-Type:"application/json;charset=UTF-8"]
     Content type = application/json;charset=UTF-8
             Body = {"code":200,"message":"OK","data":{"id":1,"name":"배달이","age":30,"address":"서울특별시 송파구 올림픽로 295","roles":[]},"error":null}
    Forwarded URL = null
   Redirected URL = null
          Cookies = []
]]></system-out>
  <system-err><![CDATA[]]></system-err>
</testsuite>
